<?xml version="1.0" encoding="UTF-8"?>
<testsuite xmlns:xsi="http://www.w3.org/2001/XMLSchema-instance" xsi:noNamespaceSchemaLocation="https://maven.apache.org/surefire/maven-surefire-plugin/xsd/surefire-test-report-3.0.xsd" version="3.0" name="io.joshuasalcedo.library.prettyconsole.utils.TextUtilsTest" time="0.056" tests="10" errors="0" skipped="0" failures="0">
  <properties>
[...]
</properties>
  <testcase name="testPerformance" classname="io.joshuasalcedo.library.prettyconsole.utils.TextUtilsTest" time="0.013">
    <system-out><![CDATA[-----------------------------------------
Testing ANSI pattern matching performance
Large text sample before (first 100 chars): &amp#27;[0mText segment 0&amp#27;[0m&amp#27;[1mText segment 1&amp#27;[0m&amp#27;[2mText segment 2&amp#27;[0m&amp#27;[3mText segment 3&amp#27;[0m&amp#27;[4mText seg
Processing time: 4 ms
Large text sample after (first 100 chars): Text segment 0Text segment 1Text segment 2Text segment 3Text segment 4Text segment 5Text segment 6Te
]]></system-out>
    <system-err><![CDATA[[main] INFO io.joshuasalcedo.library.prettyconsole.utils.TextUtilsTest - Starting ANSI pattern test
[main] INFO io.joshuasalcedo.library.prettyconsole.utils.TextUtilsTest - Starting performance test
[main] INFO io.joshuasalcedo.library.prettyconsole.utils.TextUtilsTest - Completed performance test
]]></system-err>
  </testcase>
  <testcase name="testMultipleAnsiCodesInString" classname="io.joshuasalcedo.library.prettyconsole.utils.TextUtilsTest" time="0.0">
    <system-out><![CDATA[-----------------------------------------
Testing multiple ANSI codes in a single string
Multiple codes text before: &amp#27;[34mBlue&amp#27;[31mRed&amp#27;[0mNormal
Multiple codes text after: BlueRedNormal
]]></system-out>
    <system-err><![CDATA[[main] INFO io.joshuasalcedo.library.prettyconsole.utils.TextUtilsTest - Starting ANSI pattern test
[main] INFO io.joshuasalcedo.library.prettyconsole.utils.TextUtilsTest - Starting multiple ANSI codes test
[main] INFO io.joshuasalcedo.library.prettyconsole.utils.TextUtilsTest - Completed multiple ANSI codes test
]]></system-err>
  </testcase>
  <testcase name="testTruncate" classname="io.joshuasalcedo.library.prettyconsole.utils.TextUtilsTest" time="0.001">
    <system-out><![CDATA[-----------------------------------------
Testing truncate method
Null string truncated to 5: 
Empty string truncated to 5: 
Short string before: Hello
Short string truncated to 10: Hello
Equal length string truncated to 5: Hello
Long string before: Hello World
Long string truncated to 5: Hello
String with ANSI before: &amp#27;[31mRed&amp#27;[0m &amp#27;[32mGreen&amp#27;[0m
String with ANSI truncated to 5: &amp#27;[31mRed&amp#27;[0m &amp#27;[32mG
]]></system-out>
    <system-err><![CDATA[[main] INFO io.joshuasalcedo.library.prettyconsole.utils.TextUtilsTest - Starting ANSI pattern test
[main] INFO io.joshuasalcedo.library.prettyconsole.utils.TextUtilsTest - Starting truncate test
[main] INFO io.joshuasalcedo.library.prettyconsole.utils.TextUtilsTest - Completed truncate test
]]></system-err>
  </testcase>
  <testcase name="testVisibleLength" classname="io.joshuasalcedo.library.prettyconsole.utils.TextUtilsTest" time="0.005">
    <system-out><![CDATA[-----------------------------------------
Testing visibleLength method
Null string length: 0
Empty string length: 0
Normal string before: Hello World, length: 11
String with ANSI before: &amp#27;[31mRed&amp#27;[0m &amp#27;[32mGreen&amp#27;[0m, length: 9
]]></system-out>
    <system-err><![CDATA[[main] INFO io.joshuasalcedo.library.prettyconsole.utils.TextUtilsTest - Starting ANSI pattern test
[main] INFO io.joshuasalcedo.library.prettyconsole.utils.TextUtilsTest - Starting visibleLength test
[main] INFO io.joshuasalcedo.library.prettyconsole.utils.TextUtilsTest - Completed visibleLength test
]]></system-err>
  </testcase>
  <testcase name="testBasicAnsiPatternMatching" classname="io.joshuasalcedo.library.prettyconsole.utils.TextUtilsTest" time="0.001">
    <system-out><![CDATA[-----------------------------------------
Testing pattern matching for ANSI escape sequences
Red text before: &amp#27;[31mThis is red text&amp#27;[0m
Bold text before: &amp#27;[1mThis is bold text&amp#27;[0m
Complex formatting before: &amp#27;[1;4;31mBold, underlined, and red&amp#27;[0m
No ANSI before: This has no ANSI codes
Red text after: This is red text
Bold text after: This is bold text
Complex formatting after: Bold, underlined, and red
No ANSI after: This has no ANSI codes
]]></system-out>
    <system-err><![CDATA[[main] INFO io.joshuasalcedo.library.prettyconsole.utils.TextUtilsTest - Starting ANSI pattern test
[main] INFO io.joshuasalcedo.library.prettyconsole.utils.TextUtilsTest - Starting basic ANSI pattern matching test
[main] INFO io.joshuasalcedo.library.prettyconsole.utils.TextUtilsTest - Completed basic ANSI pattern matching test
]]></system-err>
  </testcase>
  <testcase name="testPadLeft" classname="io.joshuasalcedo.library.prettyconsole.utils.TextUtilsTest" time="0.003">
    <system-out><![CDATA[-----------------------------------------
Testing padLeft method
Null string padLeft to width 2: '  '
Empty string padLeft to width 5: '     '
String 'Hello' padLeft to width 3: 'Hello'
String 'Hello' padLeft to width 7: '  Hello'
String 'Text' padLeft to width 7 with '-': '---Text'
String with ANSI before: &amp#27;[31mRed&amp#27;[0m
String with ANSI padLeft to width 5: '  &amp#27;[31mRed&amp#27;[0m'
]]></system-out>
    <system-err><![CDATA[[main] INFO io.joshuasalcedo.library.prettyconsole.utils.TextUtilsTest - Starting ANSI pattern test
[main] INFO io.joshuasalcedo.library.prettyconsole.utils.TextUtilsTest - Starting padLeft test
[main] INFO io.joshuasalcedo.library.prettyconsole.utils.TextUtilsTest - Completed padLeft test
]]></system-err>
  </testcase>
  <testcase name="testEdgeCases" classname="io.joshuasalcedo.library.prettyconsole.utils.TextUtilsTest" time="0.001">
    <system-out><![CDATA[-----------------------------------------
Testing edge cases for ANSI pattern
Incomplete ANSI code before: &amp#27;[
Empty string before: 
Surrounding codes before: &amp#27;[32mText with surrounding codes&amp#27;[0m
Surrounding codes after: Text with surrounding codes
]]></system-out>
    <system-err><![CDATA[[main] INFO io.joshuasalcedo.library.prettyconsole.utils.TextUtilsTest - Starting ANSI pattern test
[main] INFO io.joshuasalcedo.library.prettyconsole.utils.TextUtilsTest - Starting edge cases test
[main] INFO io.joshuasalcedo.library.prettyconsole.utils.TextUtilsTest - Completed edge cases test
]]></system-err>
  </testcase>
  <testcase name="testCenter" classname="io.joshuasalcedo.library.prettyconsole.utils.TextUtilsTest" time="0.006">
    <system-out><![CDATA[-----------------------------------------
Testing center method
Null string centered to width 2: '  '
Empty string centered to width 5: '     '
String 'Hello' centered to width 3: 'Hello'
String 'Hello' centered to width 7: ' Hello '
String 'Text' centered to width 8 with '-': '--Text--'
String 'Text' centered to width 6: ' Text '
String 'ABC' centered to width 6: ' ABC  '
String with ANSI before: &amp#27;[31mRed&amp#27;[0m
String with ANSI centered to width 5: ' &amp#27;[31mRed&amp#27;[0m '
]]></system-out>
    <system-err><![CDATA[[main] INFO io.joshuasalcedo.library.prettyconsole.utils.TextUtilsTest - Starting ANSI pattern test
[main] INFO io.joshuasalcedo.library.prettyconsole.utils.TextUtilsTest - Starting center test
[main] INFO io.joshuasalcedo.library.prettyconsole.utils.TextUtilsTest - Completed center test
]]></system-err>
  </testcase>
  <testcase name="testPadRight" classname="io.joshuasalcedo.library.prettyconsole.utils.TextUtilsTest" time="0.001">
    <system-out><![CDATA[-----------------------------------------
Testing padRight method
Null string padRight to width 2: '  '
Empty string padRight to width 5: '     '
String 'Hello' padRight to width 3: 'Hello'
String 'Hello' padRight to width 7: 'Hello  '
String 'Text' padRight to width 7 with '-': 'Text---'
String with ANSI before: &amp#27;[31mRed&amp#27;[0m
String with ANSI padRight to width 5: '&amp#27;[31mRed&amp#27;[0m  '
]]></system-out>
    <system-err><![CDATA[[main] INFO io.joshuasalcedo.library.prettyconsole.utils.TextUtilsTest - Starting ANSI pattern test
[main] INFO io.joshuasalcedo.library.prettyconsole.utils.TextUtilsTest - Starting padRight test
[main] INFO io.joshuasalcedo.library.prettyconsole.utils.TextUtilsTest - Completed padRight test
]]></system-err>
  </testcase>
  <testcase name="testRepeat" classname="io.joshuasalcedo.library.prettyconsole.utils.TextUtilsTest" time="0.001">
    <system-out><![CDATA[-----------------------------------------
Testing repeat method
Repeat 'a' 0 times: 
Repeat 'a' -1 times: 
Repeat 'a' 1 time: a
Repeat 'a' 5 times: aaaaa
Repeat space 5 times: '     '
]]></system-out>
    <system-err><![CDATA[[main] INFO io.joshuasalcedo.library.prettyconsole.utils.TextUtilsTest - Starting ANSI pattern test
[main] INFO io.joshuasalcedo.library.prettyconsole.utils.TextUtilsTest - Starting repeat test
[main] INFO io.joshuasalcedo.library.prettyconsole.utils.TextUtilsTest - Completed repeat test
]]></system-err>
  </testcase>
</testsuite>