<?xml version="1.0" encoding="UTF-8"?>
<testsuite xmlns:xsi="http://www.w3.org/2001/XMLSchema-instance" xsi:noNamespaceSchemaLocation="https://maven.apache.org/surefire/maven-surefire-plugin/xsd/surefire-test-report-3.0.xsd" version="3.0" name="io.joshuasalcedo.library.prettyconsole.utils.FileUtilsTest" time="0.309" tests="19" errors="0" skipped="0" failures="0">
  <properties>
[...]
</properties>
  <testcase name="testFormatFileSize(long, String)[1]" classname="io.joshuasalcedo.library.prettyconsole.utils.FileUtilsTest" time="0.102"/>
  <testcase name="testFormatFileSize(long, String)[2]" classname="io.joshuasalcedo.library.prettyconsole.utils.FileUtilsTest" time="0.009"/>
  <testcase name="testFormatFileSize(long, String)[3]" classname="io.joshuasalcedo.library.prettyconsole.utils.FileUtilsTest" time="0.011"/>
  <testcase name="testFormatFileSize(long, String)[4]" classname="io.joshuasalcedo.library.prettyconsole.utils.FileUtilsTest" time="0.01"/>
  <testcase name="testFormatFileSize(long, String)[5]" classname="io.joshuasalcedo.library.prettyconsole.utils.FileUtilsTest" time="0.01"/>
  <testcase name="testFormatFileSize(long, String)[6]" classname="io.joshuasalcedo.library.prettyconsole.utils.FileUtilsTest" time="0.008"/>
  <testcase name="testFormatFileSize(long, String)[7]" classname="io.joshuasalcedo.library.prettyconsole.utils.FileUtilsTest" time="0.01"/>
  <testcase name="testFormatFileSize(long, String)[8]" classname="io.joshuasalcedo.library.prettyconsole.utils.FileUtilsTest" time="0.009"/>
  <testcase name="testFormatFileSize(long, String)[9]" classname="io.joshuasalcedo.library.prettyconsole.utils.FileUtilsTest" time="0.009"/>
  <testcase name="testShouldIncludeFile" classname="io.joshuasalcedo.library.prettyconsole.utils.FileUtilsTest" time="0.009"/>
  <testcase name="testCalculateColumnWidthsEdgeCasesEmptyArray" classname="io.joshuasalcedo.library.prettyconsole.utils.FileUtilsTest" time="0.007"/>
  <testcase name="testSizeLargerThanTerabytes" classname="io.joshuasalcedo.library.prettyconsole.utils.FileUtilsTest" time="0.01"/>
  <testcase name="testSortingEdgeCasesSingleItem" classname="io.joshuasalcedo.library.prettyconsole.utils.FileUtilsTest" time="0.007"/>
  <testcase name="testCalculateColumnWidths" classname="io.joshuasalcedo.library.prettyconsole.utils.FileUtilsTest" time="0.008"/>
  <testcase name="testDateFormatConstant" classname="io.joshuasalcedo.library.prettyconsole.utils.FileUtilsTest" time="0.01"/>
  <testcase name="testSortingEdgeCasesEmptyArray" classname="io.joshuasalcedo.library.prettyconsole.utils.FileUtilsTest" time="0.009"/>
  <testcase name="testSortFilesByDirectoryAndName" classname="io.joshuasalcedo.library.prettyconsole.utils.FileUtilsTest" time="0.009"/>
  <testcase name="testUtilityClassHasPrivateConstructor" classname="io.joshuasalcedo.library.prettyconsole.utils.FileUtilsTest" time="0.007"/>
  <testcase name="testGetFormattedModifiedDate" classname="io.joshuasalcedo.library.prettyconsole.utils.FileUtilsTest" time="0.006"/>
</testsuite>